<?xml version="1.0" encoding="UTF-8"?>
<testsuite name="com.service.UserServiceImplTest" tests="9" skipped="0" failures="0" errors="0" timestamp="2021-04-19T18:45:55" hostname="Sams-MacBook-Pro.local" time="0.18">
  <properties/>
  <testcase name="checkOldPassword()" classname="com.service.UserServiceImplTest" time="0.101"/>
  <testcase name="selectById()" classname="com.service.UserServiceImplTest" time="0.013"/>
  <testcase name="selectByUsername()" classname="com.service.UserServiceImplTest" time="0.007"/>
  <testcase name="selectAllUsers()" classname="com.service.UserServiceImplTest" time="0.004"/>
  <testcase name="updateWithPassword()" classname="com.service.UserServiceImplTest" time="0.008"/>
  <testcase name="selectByUsernameAndPassword()" classname="com.service.UserServiceImplTest" time="0.008"/>
  <testcase name="delete()" classname="com.service.UserServiceImplTest" time="0.004"/>
  <testcase name="insert()" classname="com.service.UserServiceImplTest" time="0.004"/>
  <testcase name="update()" classname="com.service.UserServiceImplTest" time="0.003"/>
  <system-out><![CDATA[]]></system-out>
  <system-err><![CDATA[[Test worker] INFO org.springframework.test.context.web.WebTestContextBootstrapper - Loaded default TestExecutionListener class names from location [META-INF/spring.factories]: [org.springframework.test.context.web.ServletTestExecutionListener, org.springframework.test.context.support.DirtiesContextBeforeModesTestExecutionListener, org.springframework.test.context.event.ApplicationEventsTestExecutionListener, org.springframework.test.context.support.DependencyInjectionTestExecutionListener, org.springframework.test.context.support.DirtiesContextTestExecutionListener, org.springframework.test.context.transaction.TransactionalTestExecutionListener, org.springframework.test.context.jdbc.SqlScriptsTestExecutionListener, org.springframework.test.context.event.EventPublishingTestExecutionListener]
[Test worker] INFO org.springframework.test.context.web.WebTestContextBootstrapper - Using TestExecutionListeners: [org.springframework.test.context.web.ServletTestExecutionListener@2601132c, org.springframework.test.context.support.DirtiesContextBeforeModesTestExecutionListener@6b1bd7da, org.springframework.test.context.event.ApplicationEventsTestExecutionListener@6d2d96cc, org.springframework.test.context.support.DependencyInjectionTestExecutionListener@125815e5, org.springframework.test.context.support.DirtiesContextTestExecutionListener@3ceeecf1, org.springframework.test.context.transaction.TransactionalTestExecutionListener@9fe59b1, org.springframework.test.context.jdbc.SqlScriptsTestExecutionListener@86435b4, org.springframework.test.context.event.EventPublishingTestExecutionListener@5ac1fe60]
]]></system-err>
</testsuite>
