<?xml version="1.0" encoding="UTF-8"?>
<testsuite name="com.controller.PostControllerTest" tests="7" skipped="0" failures="0" errors="0" timestamp="2021-04-19T18:45:55" hostname="Sams-MacBook-Pro.local" time="0.101">
  <properties/>
  <testcase name="getPostById()" classname="com.controller.PostControllerTest" time="0.068"/>
  <testcase name="getPostsLikedByUser()" classname="com.controller.PostControllerTest" time="0.005"/>
  <testcase name="getAllPosts()" classname="com.controller.PostControllerTest" time="0.003"/>
  <testcase name="updatePost()" classname="com.controller.PostControllerTest" time="0.003"/>
  <testcase name="createNewPost()" classname="com.controller.PostControllerTest" time="0.002"/>
  <testcase name="getPostsCreatedByUser()" classname="com.controller.PostControllerTest" time="0.005"/>
  <testcase name="deletePost()" classname="com.controller.PostControllerTest" time="0.006"/>
  <system-out><![CDATA[]]></system-out>
  <system-err><![CDATA[[Test worker] INFO org.springframework.test.context.web.WebTestContextBootstrapper - Loaded default TestExecutionListener class names from location [META-INF/spring.factories]: [org.springframework.test.context.web.ServletTestExecutionListener, org.springframework.test.context.support.DirtiesContextBeforeModesTestExecutionListener, org.springframework.test.context.event.ApplicationEventsTestExecutionListener, org.springframework.test.context.support.DependencyInjectionTestExecutionListener, org.springframework.test.context.support.DirtiesContextTestExecutionListener, org.springframework.test.context.transaction.TransactionalTestExecutionListener, org.springframework.test.context.jdbc.SqlScriptsTestExecutionListener, org.springframework.test.context.event.EventPublishingTestExecutionListener]
[Test worker] INFO org.springframework.test.context.web.WebTestContextBootstrapper - Using TestExecutionListeners: [org.springframework.test.context.web.ServletTestExecutionListener@2a85946b, org.springframework.test.context.support.DirtiesContextBeforeModesTestExecutionListener@eff5c75, org.springframework.test.context.event.ApplicationEventsTestExecutionListener@f1c99ba, org.springframework.test.context.support.DependencyInjectionTestExecutionListener@5c537301, org.springframework.test.context.support.DirtiesContextTestExecutionListener@5af3922c, org.springframework.test.context.transaction.TransactionalTestExecutionListener@2e9b61f3, org.springframework.test.context.jdbc.SqlScriptsTestExecutionListener@45a1ecd3, org.springframework.test.context.event.EventPublishingTestExecutionListener@2ad541d]
]]></system-err>
</testsuite>
