<?xml version="1.0" encoding="UTF-8"?>
<testsuite name="com.controller.LikeControllerTest" tests="7" skipped="0" failures="0" errors="0" timestamp="2021-04-19T18:45:55" hostname="Sams-MacBook-Pro.local" time="0.117">
  <properties/>
  <testcase name="getAllLikes()" classname="com.controller.LikeControllerTest" time="0.051"/>
  <testcase name="updateLike()" classname="com.controller.LikeControllerTest" time="0.024"/>
  <testcase name="getLikesByUser()" classname="com.controller.LikeControllerTest" time="0.004"/>
  <testcase name="getLikesForPost()" classname="com.controller.LikeControllerTest" time="0.003"/>
  <testcase name="insertNewLike()" classname="com.controller.LikeControllerTest" time="0.005"/>
  <testcase name="getLikeCountForPost()" classname="com.controller.LikeControllerTest" time="0.004"/>
  <testcase name="deleteLike()" classname="com.controller.LikeControllerTest" time="0.006"/>
  <system-out><![CDATA[]]></system-out>
  <system-err><![CDATA[[Test worker] INFO org.springframework.test.context.web.WebTestContextBootstrapper - Loaded default TestExecutionListener class names from location [META-INF/spring.factories]: [org.springframework.test.context.web.ServletTestExecutionListener, org.springframework.test.context.support.DirtiesContextBeforeModesTestExecutionListener, org.springframework.test.context.event.ApplicationEventsTestExecutionListener, org.springframework.test.context.support.DependencyInjectionTestExecutionListener, org.springframework.test.context.support.DirtiesContextTestExecutionListener, org.springframework.test.context.transaction.TransactionalTestExecutionListener, org.springframework.test.context.jdbc.SqlScriptsTestExecutionListener, org.springframework.test.context.event.EventPublishingTestExecutionListener]
[Test worker] INFO org.springframework.test.context.web.WebTestContextBootstrapper - Using TestExecutionListeners: [org.springframework.test.context.web.ServletTestExecutionListener@573652de, org.springframework.test.context.support.DirtiesContextBeforeModesTestExecutionListener@56cdce2b, org.springframework.test.context.event.ApplicationEventsTestExecutionListener@7aba0ce0, org.springframework.test.context.support.DependencyInjectionTestExecutionListener@75833331, org.springframework.test.context.support.DirtiesContextTestExecutionListener@10c62ffd, org.springframework.test.context.transaction.TransactionalTestExecutionListener@28c20758, org.springframework.test.context.jdbc.SqlScriptsTestExecutionListener@2b5c3ac, org.springframework.test.context.event.EventPublishingTestExecutionListener@6e436270]
]]></system-err>
</testsuite>
